<?xml version="1.0" encoding="UTF-8"?>
<!-- Generated by org.testng.reporters.JUnitReportReporter -->
<testsuite hostname="man2-PC" name="com.wipro.testcases.TC001" tests="3" failures="0" timestamp="3 Apr 2020 12:14:10 GMT" time="24.906" errors="0">
  <testcase name="successfullResgisterTest" time="1.572" classname="com.wipro.testcases.TC001"/>
  <testcase name="logout" time="4.228" classname="com.wipro.testcases.TC001"/>
  <testcase name="Registration" time="19.106" classname="com.wipro.testcases.TC001"/>
</testsuite> <!-- com.wipro.testcases.TC001 -->
