<?xml version="1.0" encoding="UTF-8"?>
<!-- Generated by org.testng.reporters.JUnitReportReporter -->
<testsuite hostname="man2-PC" name="com.wipro.testcases.TC002" tests="3" failures="0" timestamp="7 Apr 2020 10:13:55 GMT" time="43.054" errors="0">
  <testcase name="loginTest" time="19.438" classname="com.wipro.testcases.TC002"/>
  <testcase name="editInformation" time="18.161" classname="com.wipro.testcases.TC002"/>
  <testcase name="logout" time="5.455" classname="com.wipro.testcases.TC002"/>
</testsuite> <!-- com.wipro.testcases.TC002 -->
