<?xml version="1.0" encoding="UTF-8"?>
<!-- Generated by org.testng.reporters.JUnitReportReporter -->
<testsuite hostname="man2-PC" name="com.wipro.testcases.TC004" tests="4" failures="0" timestamp="10 Apr 2020 12:48:08 GMT" time="34.624" errors="0">
  <testcase name="logoutTest" time="4.777" classname="com.wipro.testcases.TC004"/>
  <testcase name="countMenuList" time="0.889" classname="com.wipro.testcases.TC004"/>
  <testcase name="mainMenuSnaps" time="19.585" classname="com.wipro.testcases.TC004"/>
  <testcase name="login" time="9.373" classname="com.wipro.testcases.TC004"/>
</testsuite> <!-- com.wipro.testcases.TC004 -->
