<?xml version="1.0" encoding="UTF-8"?>
<!-- Generated by org.testng.reporters.JUnitReportReporter -->
<testsuite hostname="man2-PC" name="com.wipro.testcases.TC005" tests="4" failures="0" timestamp="10 Apr 2020 12:35:53 GMT" time="39.220" errors="0">
  <testcase name="getFavBrands" time="4.621" classname="com.wipro.testcases.TC005"/>
  <testcase name="login" time="7.011" classname="com.wipro.testcases.TC005"/>
  <testcase name="getBrandSnaps" time="23.918" classname="com.wipro.testcases.TC005"/>
  <testcase name="logout" time="3.670" classname="com.wipro.testcases.TC005"/>
</testsuite> <!-- com.wipro.testcases.TC005 -->
